<?xml version="1.0" encoding="UTF-8"?>
<!-- Generated by org.testng.reporters.JUnitReportReporter -->
<testsuite hostname="JyothiLaptop" failures="0" tests="3" name="LearningTestNG.DemoTestNG" time="0.017" errors="0" timestamp="2020-12-09T19:48:26 EST" skipped="0">
  <testcase classname="LearningTestNG.DemoTestNG" name="Welcome" time="0.011"/>
  <system-out/>
  <testcase classname="LearningTestNG.DemoTestNG" name="Test" time="0.004"/>
  <system-out/>
  <testcase classname="LearningTestNG.DemoTestNG" name="Bye" time="0.002"/>
  <system-out/>
</testsuite> <!-- LearningTestNG.DemoTestNG -->
