<?xml version="1.0" encoding="UTF-8"?>
<!-- Generated by org.testng.reporters.JUnitReportReporter -->
<testsuite hostname="JyothiLaptop" failures="0" tests="3" name="learnTestNG.DemoTestNG" time="0.003" errors="0" timestamp="2020-12-11T15:02:40 EST" skipped="0">
  <testcase classname="learnTestNG.DemoTestNG" name="display" time="0.001"/>
  <system-out/>
  <testcase classname="learnTestNG.DemoTestNG" name="display1" time="0.001"/>
  <system-out/>
  <testcase classname="learnTestNG.DemoTestNG" name="display2" time="0.001"/>
  <system-out/>
</testsuite> <!-- learnTestNG.DemoTestNG -->
