<?xml version="1.0" encoding="UTF-8"?>
<!-- Generated by org.testng.reporters.JUnitReportReporter -->
<testsuite hostname="JyothiLaptop" failures="0" tests="1" name="learnTestNG.ExceptionsTestNG" time="0.001" errors="0" timestamp="2020-12-11T15:02:40 EST" skipped="0">
  <testcase classname="learnTestNG.ExceptionsTestNG" name="test1" time="0.001"/>
  <system-out/>
</testsuite> <!-- learnTestNG.ExceptionsTestNG -->
