<?xml version="1.0" encoding="UTF-8"?>
<!-- Generated by org.testng.reporters.JUnitReportReporter -->
<testsuite hostname="JyothiLaptop" failures="0" tests="1" name="LearningTestNG.GoogleTestNG" time="0.008" errors="0" timestamp="2020-12-09T19:47:59 EST" skipped="0">
  <testcase classname="LearningTestNG.GoogleTestNG" name="geturl" time="0.008"/>
  <system-out/>
</testsuite> <!-- LearningTestNG.GoogleTestNG -->
