<?xml version="1.0" encoding="UTF-8"?>
<!-- Generated by org.testng.reporters.JUnitReportReporter -->
<testsuite hostname="JyothiLaptop" failures="0" tests="1" name="learnTestNG.GoogleTestNG" time="13.495" errors="0" timestamp="2021-02-05T17:23:48 EST" skipped="0">
  <testcase classname="learnTestNG.GoogleTestNG" name="getTitleTest" time="13.495"/>
  <system-out/>
</testsuite> <!-- learnTestNG.GoogleTestNG -->
