<?xml version="1.0" encoding="UTF-8"?>
<!-- Generated by org.testng.reporters.JUnitReportReporter -->
<testsuite hostname="JyothiLaptop" failures="0" tests="3" name="learnTestNG.BasicsTestNG" time="0.018" errors="0" timestamp="2021-01-05T20:12:37 EST" skipped="0">
  <testcase classname="learnTestNG.BasicsTestNG" name="googleTitleTest" time="0.003"/>
  <system-out/>
  <testcase classname="learnTestNG.BasicsTestNG" name="googleLogoTest" time="0.010"/>
  <system-out/>
  <testcase classname="learnTestNG.BasicsTestNG" name="googleSearchTest" time="0.005"/>
  <system-out/>
</testsuite> <!-- learnTestNG.BasicsTestNG -->
